[11297056ms] [ERROR] Failed to load resource: net::ERR_INTERNET_DISCONNECTED @ https://bingosystem-staging.onrender.com/socket.io/?EIO=4&transport=polling&t=ptktk7ew:0
[11725306ms] [ERROR] Failed to load resource: net::ERR_INTERNET_DISCONNECTED @ https://bingosystem-staging.onrender.com/socket.io/?EIO=4&transport=polling&t=q2rbczk5:0
[11857243ms] [ERROR] Failed to load resource: net::ERR_INTERNET_DISCONNECTED @ https://bingosystem-staging.onrender.com/socket.io/?EIO=4&transport=polling&t=q5l3uulg:0
[11858641ms] [ERROR] Failed to load resource: net::ERR_INTERNET_DISCONNECTED @ https://bingosystem-staging.onrender.com/socket.io/?EIO=4&transport=polling&t=q5m7d1jz:0
[11861266ms] [ERROR] Failed to load resource: net::ERR_INTERNET_DISCONNECTED @ https://bingosystem-staging.onrender.com/socket.io/?EIO=4&transport=polling&t=q5o8bdn8:0
[11866273ms] [ERROR] Failed to load resource: net::ERR_INTERNET_DISCONNECTED @ https://bingosystem-staging.onrender.com/socket.io/?EIO=4&transport=polling&t=q5s3cmz9:0
[11871279ms] [ERROR] Failed to load resource: net::ERR_INTERNET_DISCONNECTED @ https://bingosystem-staging.onrender.com/socket.io/?EIO=4&transport=polling&t=q5vyezi7:0
[11876283ms] [ERROR] Failed to load resource: net::ERR_INTERNET_DISCONNECTED @ https://bingosystem-staging.onrender.com/socket.io/?EIO=4&transport=polling&t=q5ztgmum:0
[11881288ms] [ERROR] Failed to load resource: net::ERR_INTERNET_DISCONNECTED @ https://bingosystem-staging.onrender.com/socket.io/?EIO=4&transport=polling&t=q63ogjwj:0
[11886293ms] [ERROR] Failed to load resource: net::ERR_INTERNET_DISCONNECTED @ https://bingosystem-staging.onrender.com/socket.io/?EIO=4&transport=polling&t=q67jhj1u:0
[11891298ms] [ERROR] Failed to load resource: net::ERR_INTERNET_DISCONNECTED @ https://bingosystem-staging.onrender.com/socket.io/?EIO=4&transport=polling&t=q6beibdn:0
[11896306ms] [ERROR] Failed to load resource: net::ERR_INTERNET_DISCONNECTED @ https://bingosystem-staging.onrender.com/socket.io/?EIO=4&transport=polling&t=q6f9ipds:0
[11901313ms] [ERROR] Failed to load resource: net::ERR_INTERNET_DISCONNECTED @ https://bingosystem-staging.onrender.com/socket.io/?EIO=4&transport=polling&t=q6j4n56o:0
[11906316ms] [ERROR] Failed to load resource: net::ERR_INTERNET_DISCONNECTED @ https://bingosystem-staging.onrender.com/socket.io/?EIO=4&transport=polling&t=q6mzpvuz:0
[11911322ms] [ERROR] Failed to load resource: net::ERR_INTERNET_DISCONNECTED @ https://bingosystem-staging.onrender.com/socket.io/?EIO=4&transport=polling&t=q6quoa95:0
[11916333ms] [ERROR] Failed to load resource: net::ERR_INTERNET_DISCONNECTED @ https://bingosystem-staging.onrender.com/socket.io/?EIO=4&transport=polling&t=q6upryve:0
[11921338ms] [ERROR] Failed to load resource: net::ERR_INTERNET_DISCONNECTED @ https://bingosystem-staging.onrender.com/socket.io/?EIO=4&transport=polling&t=q6ykyblw:0
[11926343ms] [ERROR] Failed to load resource: net::ERR_INTERNET_DISCONNECTED @ https://bingosystem-staging.onrender.com/socket.io/?EIO=4&transport=polling&t=q72fyqj4:0
[11931351ms] [ERROR] Failed to load resource: net::ERR_INTERNET_DISCONNECTED @ https://bingosystem-staging.onrender.com/socket.io/?EIO=4&transport=polling&t=q76az67u:0
[11936355ms] [ERROR] Failed to load resource: net::ERR_INTERNET_DISCONNECTED @ https://bingosystem-staging.onrender.com/socket.io/?EIO=4&transport=polling&t=q7a64lua:0
[11941360ms] [ERROR] Failed to load resource: net::ERR_INTERNET_DISCONNECTED @ https://bingosystem-staging.onrender.com/socket.io/?EIO=4&transport=polling&t=q7e149sv:0
[11946365ms] [ERROR] Failed to load resource: net::ERR_INTERNET_DISCONNECTED @ https://bingosystem-staging.onrender.com/socket.io/?EIO=4&transport=polling&t=q7hw49b1:0
[11951370ms] [ERROR] Failed to load resource: net::ERR_INTERNET_DISCONNECTED @ https://bingosystem-staging.onrender.com/socket.io/?EIO=4&transport=polling&t=q7lr5llg:0
[11956376ms] [ERROR] Failed to load resource: net::ERR_INTERNET_DISCONNECTED @ https://bingosystem-staging.onrender.com/socket.io/?EIO=4&transport=polling&t=q7pm852l:0
[11961380ms] [ERROR] Failed to load resource: net::ERR_INTERNET_DISCONNECTED @ https://bingosystem-staging.onrender.com/socket.io/?EIO=4&transport=polling&t=q7th9ux0:0
[11966384ms] [ERROR] Failed to load resource: net::ERR_INTERNET_DISCONNECTED @ https://bingosystem-staging.onrender.com/socket.io/?EIO=4&transport=polling&t=q7xc9wx7:0
[11971390ms] [ERROR] Failed to load resource: net::ERR_INTERNET_DISCONNECTED @ https://bingosystem-staging.onrender.com/socket.io/?EIO=4&transport=polling&t=q817935o:0
[11976396ms] [ERROR] Failed to load resource: net::ERR_INTERNET_DISCONNECTED @ https://bingosystem-staging.onrender.com/socket.io/?EIO=4&transport=polling&t=q852afyi:0
[11981400ms] [ERROR] Failed to load resource: net::ERR_INTERNET_DISCONNECTED @ https://bingosystem-staging.onrender.com/socket.io/?EIO=4&transport=polling&t=q88xc5ij:0
[11986405ms] [ERROR] Failed to load resource: net::ERR_INTERNET_DISCONNECTED @ https://bingosystem-staging.onrender.com/socket.io/?EIO=4&transport=polling&t=q8csejh0:0
[11991409ms] [ERROR] Failed to load resource: net::ERR_INTERNET_DISCONNECTED @ https://bingosystem-staging.onrender.com/socket.io/?EIO=4&transport=polling&t=q8gneia8:0
[11996417ms] [ERROR] Failed to load resource: net::ERR_INTERNET_DISCONNECTED @ https://bingosystem-staging.onrender.com/socket.io/?EIO=4&transport=polling&t=q8kietru:0
[12001422ms] [ERROR] Failed to load resource: net::ERR_INTERNET_DISCONNECTED @ https://bingosystem-staging.onrender.com/socket.io/?EIO=4&transport=polling&t=q8odierc:0
[12006426ms] [ERROR] Failed to load resource: net::ERR_INTERNET_DISCONNECTED @ https://bingosystem-staging.onrender.com/socket.io/?EIO=4&transport=polling&t=q8s8jp1t:0
[12011452ms] [ERROR] Failed to load resource: net::ERR_INTERNET_DISCONNECTED @ https://bingosystem-staging.onrender.com/socket.io/?EIO=4&transport=polling&t=q8w3jarg:0
[12016463ms] [ERROR] Failed to load resource: net::ERR_INTERNET_DISCONNECTED @ https://bingosystem-staging.onrender.com/socket.io/?EIO=4&transport=polling&t=q8zz6fjk:0
[12021470ms] [ERROR] Failed to load resource: net::ERR_INTERNET_DISCONNECTED @ https://bingosystem-staging.onrender.com/socket.io/?EIO=4&transport=polling&t=q93uc83y:0
[12026476ms] [ERROR] Failed to load resource: net::ERR_INTERNET_DISCONNECTED @ https://bingosystem-staging.onrender.com/socket.io/?EIO=4&transport=polling&t=q97pf7d1:0
[12031484ms] [ERROR] Failed to load resource: net::ERR_INTERNET_DISCONNECTED @ https://bingosystem-staging.onrender.com/socket.io/?EIO=4&transport=polling&t=q9bkhyjh:0
[12036489ms] [ERROR] Failed to load resource: net::ERR_INTERNET_DISCONNECTED @ https://bingosystem-staging.onrender.com/socket.io/?EIO=4&transport=polling&t=q9ffle7d:0
[12041513ms] [ERROR] Failed to load resource: net::ERR_INTERNET_DISCONNECTED @ https://bingosystem-staging.onrender.com/socket.io/?EIO=4&transport=polling&t=q9jan22y:0
[12046520ms] [ERROR] Failed to load resource: net::ERR_INTERNET_DISCONNECTED @ https://bingosystem-staging.onrender.com/socket.io/?EIO=4&transport=polling&t=q9n68n26:0
[12051526ms] [ERROR] Failed to load resource: net::ERR_INTERNET_DISCONNECTED @ https://bingosystem-staging.onrender.com/socket.io/?EIO=4&transport=polling&t=q9r1aq2y:0
[12056531ms] [ERROR] Failed to load resource: net::ERR_INTERNET_DISCONNECTED @ https://bingosystem-staging.onrender.com/socket.io/?EIO=4&transport=polling&t=q9uwb85q:0
[12061537ms] [ERROR] Failed to load resource: net::ERR_INTERNET_DISCONNECTED @ https://bingosystem-staging.onrender.com/socket.io/?EIO=4&transport=polling&t=q9yrclw9:0
[12066541ms] [ERROR] Failed to load resource: net::ERR_INTERNET_DISCONNECTED @ https://bingosystem-staging.onrender.com/socket.io/?EIO=4&transport=polling&t=qa2me0nt:0
[12071546ms] [ERROR] Failed to load resource: net::ERR_INTERNET_DISCONNECTED @ https://bingosystem-staging.onrender.com/socket.io/?EIO=4&transport=polling&t=qa6hd495:0
[12076550ms] [ERROR] Failed to load resource: net::ERR_INTERNET_DISCONNECTED @ https://bingosystem-staging.onrender.com/socket.io/?EIO=4&transport=polling&t=qaacf2mt:0
[12081556ms] [ERROR] Failed to load resource: net::ERR_INTERNET_DISCONNECTED @ https://bingosystem-staging.onrender.com/socket.io/?EIO=4&transport=polling&t=qae7gccs:0
[12086561ms] [ERROR] Failed to load resource: net::ERR_INTERNET_DISCONNECTED @ https://bingosystem-staging.onrender.com/socket.io/?EIO=4&transport=polling&t=qai2id4j:0
[12091565ms] [ERROR] Failed to load resource: net::ERR_INTERNET_DISCONNECTED @ https://bingosystem-staging.onrender.com/socket.io/?EIO=4&transport=polling&t=qalxi93a:0
[12096570ms] [ERROR] Failed to load resource: net::ERR_INTERNET_DISCONNECTED @ https://bingosystem-staging.onrender.com/socket.io/?EIO=4&transport=polling&t=qapsizz6:0
[12101574ms] [ERROR] Failed to load resource: net::ERR_INTERNET_DISCONNECTED @ https://bingosystem-staging.onrender.com/socket.io/?EIO=4&transport=polling&t=qatnii25:0
[12106580ms] [ERROR] Failed to load resource: net::ERR_INTERNET_DISCONNECTED @ https://bingosystem-staging.onrender.com/socket.io/?EIO=4&transport=polling&t=qaxij3zc:0
[12111584ms] [ERROR] Failed to load resource: net::ERR_INTERNET_DISCONNECTED @ https://bingosystem-staging.onrender.com/socket.io/?EIO=4&transport=polling&t=qb1dlndh:0
[12116589ms] [ERROR] Failed to load resource: net::ERR_INTERNET_DISCONNECTED @ https://bingosystem-staging.onrender.com/socket.io/?EIO=4&transport=polling&t=qb58l6ep:0
[12121593ms] [ERROR] Failed to load resource: net::ERR_INTERNET_DISCONNECTED @ https://bingosystem-staging.onrender.com/socket.io/?EIO=4&transport=polling&t=qb93m8il:0
[12126597ms] [ERROR] Failed to load resource: net::ERR_INTERNET_DISCONNECTED @ https://bingosystem-staging.onrender.com/socket.io/?EIO=4&transport=polling&t=qbcymqix:0
[12131601ms] [ERROR] Failed to load resource: net::ERR_INTERNET_DISCONNECTED @ https://bingosystem-staging.onrender.com/socket.io/?EIO=4&transport=polling&t=qbgtmami:0
[12136606ms] [ERROR] Failed to load resource: net::ERR_INTERNET_DISCONNECTED @ https://bingosystem-staging.onrender.com/socket.io/?EIO=4&transport=polling&t=qbkomwz4:0
[12141610ms] [ERROR] Failed to load resource: net::ERR_INTERNET_DISCONNECTED @ https://bingosystem-staging.onrender.com/socket.io/?EIO=4&transport=polling&t=qbojm0sj:0
[12146617ms] [ERROR] Failed to load resource: net::ERR_INTERNET_DISCONNECTED @ https://bingosystem-staging.onrender.com/socket.io/?EIO=4&transport=polling&t=qbseoi7g:0
[12151620ms] [ERROR] Failed to load resource: net::ERR_INTERNET_DISCONNECTED @ https://bingosystem-staging.onrender.com/socket.io/?EIO=4&transport=polling&t=qbw9pa5k:0
[12156625ms] [ERROR] Failed to load resource: net::ERR_INTERNET_DISCONNECTED @ https://bingosystem-staging.onrender.com/socket.io/?EIO=4&transport=polling&t=qc04pedz:0
[12161629ms] [ERROR] Failed to load resource: net::ERR_INTERNET_DISCONNECTED @ https://bingosystem-staging.onrender.com/socket.io/?EIO=4&transport=polling&t=qc3zp4qy:0
[12166634ms] [ERROR] Failed to load resource: net::ERR_INTERNET_DISCONNECTED @ https://bingosystem-staging.onrender.com/socket.io/?EIO=4&transport=polling&t=qc7uredl:0
[12171639ms] [ERROR] Failed to load resource: net::ERR_INTERNET_DISCONNECTED @ https://bingosystem-staging.onrender.com/socket.io/?EIO=4&transport=polling&t=qcbprgrj:0
[12176646ms] [ERROR] Failed to load resource: net::ERR_INTERNET_DISCONNECTED @ https://bingosystem-staging.onrender.com/socket.io/?EIO=4&transport=polling&t=qcfktjua:0
[12181650ms] [ERROR] Failed to load resource: net::ERR_INTERNET_DISCONNECTED @ https://bingosystem-staging.onrender.com/socket.io/?EIO=4&transport=polling&t=qcjfvvz4:0
[12186655ms] [ERROR] Failed to load resource: net::ERR_INTERNET_DISCONNECTED @ https://bingosystem-staging.onrender.com/socket.io/?EIO=4&transport=polling&t=qcnaurg5:0
[12191658ms] [ERROR] Failed to load resource: net::ERR_INTERNET_DISCONNECTED @ https://bingosystem-staging.onrender.com/socket.io/?EIO=4&transport=polling&t=qcr5vg46:0
[12196663ms] [ERROR] Failed to load resource: net::ERR_INTERNET_DISCONNECTED @ https://bingosystem-staging.onrender.com/socket.io/?EIO=4&transport=polling&t=qcv0vsqd:0
[12201670ms] [ERROR] Failed to load resource: net::ERR_INTERNET_DISCONNECTED @ https://bingosystem-staging.onrender.com/socket.io/?EIO=4&transport=polling&t=qcyvwfqy:0
[12206674ms] [ERROR] Failed to load resource: net::ERR_INTERNET_DISCONNECTED @ https://bingosystem-staging.onrender.com/socket.io/?EIO=4&transport=polling&t=qd2qzf7j:0
[12211678ms] [ERROR] Failed to load resource: net::ERR_INTERNET_DISCONNECTED @ https://bingosystem-staging.onrender.com/socket.io/?EIO=4&transport=polling&t=qd6lz09p:0
[12216684ms] [ERROR] Failed to load resource: net::ERR_INTERNET_DISCONNECTED @ https://bingosystem-staging.onrender.com/socket.io/?EIO=4&transport=polling&t=qdah1qx4:0
[12221688ms] [ERROR] Failed to load resource: net::ERR_INTERNET_DISCONNECTED @ https://bingosystem-staging.onrender.com/socket.io/?EIO=4&transport=polling&t=qdec1el8:0
[12226692ms] [ERROR] Failed to load resource: net::ERR_INTERNET_DISCONNECTED @ https://bingosystem-staging.onrender.com/socket.io/?EIO=4&transport=polling&t=qdi718a5:0
[12231697ms] [ERROR] Failed to load resource: net::ERR_INTERNET_DISCONNECTED @ https://bingosystem-staging.onrender.com/socket.io/?EIO=4&transport=polling&t=qdm22c0y:0
[12236701ms] [ERROR] Failed to load resource: net::ERR_INTERNET_DISCONNECTED @ https://bingosystem-staging.onrender.com/socket.io/?EIO=4&transport=polling&t=qdpx23fa:0
[12241705ms] [ERROR] Failed to load resource: net::ERR_INTERNET_DISCONNECTED @ https://bingosystem-staging.onrender.com/socket.io/?EIO=4&transport=polling&t=qdts2n7u:0
[12246710ms] [ERROR] Failed to load resource: net::ERR_INTERNET_DISCONNECTED @ https://bingosystem-staging.onrender.com/socket.io/?EIO=4&transport=polling&t=qdxn2hky:0
[12251716ms] [ERROR] Failed to load resource: net::ERR_INTERNET_DISCONNECTED @ https://bingosystem-staging.onrender.com/socket.io/?EIO=4&transport=polling&t=qe1i3wy9:0
[12256720ms] [ERROR] Failed to load resource: net::ERR_INTERNET_DISCONNECTED @ https://bingosystem-staging.onrender.com/socket.io/?EIO=4&transport=polling&t=qe5d5k9f:0
[12261724ms] [ERROR] Failed to load resource: net::ERR_INTERNET_DISCONNECTED @ https://bingosystem-staging.onrender.com/socket.io/?EIO=4&transport=polling&t=qe985ja7:0
[12266729ms] [ERROR] Failed to load resource: net::ERR_INTERNET_DISCONNECTED @ https://bingosystem-staging.onrender.com/socket.io/?EIO=4&transport=polling&t=qed357xk:0
[12271734ms] [ERROR] Failed to load resource: net::ERR_INTERNET_DISCONNECTED @ https://bingosystem-staging.onrender.com/socket.io/?EIO=4&transport=polling&t=qegy7rpa:0
[12276740ms] [ERROR] Failed to load resource: net::ERR_INTERNET_DISCONNECTED @ https://bingosystem-staging.onrender.com/socket.io/?EIO=4&transport=polling&t=qekt7swr:0
[12281746ms] [ERROR] Failed to load resource: net::ERR_INTERNET_DISCONNECTED @ https://bingosystem-staging.onrender.com/socket.io/?EIO=4&transport=polling&t=qeooandt:0
[12286751ms] [ERROR] Failed to load resource: net::ERR_INTERNET_DISCONNECTED @ https://bingosystem-staging.onrender.com/socket.io/?EIO=4&transport=polling&t=qesjbu4z:0
[12291756ms] [ERROR] Failed to load resource: net::ERR_INTERNET_DISCONNECTED @ https://bingosystem-staging.onrender.com/socket.io/?EIO=4&transport=polling&t=qewechas:0
[12296760ms] [ERROR] Failed to load resource: net::ERR_INTERNET_DISCONNECTED @ https://bingosystem-staging.onrender.com/socket.io/?EIO=4&transport=polling&t=qf09d0c8:0
[12301764ms] [ERROR] Failed to load resource: net::ERR_INTERNET_DISCONNECTED @ https://bingosystem-staging.onrender.com/socket.io/?EIO=4&transport=polling&t=qf44c9n7:0
[12306785ms] [ERROR] Failed to load resource: net::ERR_INTERNET_DISCONNECTED @ https://bingosystem-staging.onrender.com/socket.io/?EIO=4&transport=polling&t=qf7zeias:0
[12311789ms] [ERROR] Failed to load resource: net::ERR_INTERNET_DISCONNECTED @ https://bingosystem-staging.onrender.com/socket.io/?EIO=4&transport=polling&t=qfbuuro2:0
[12316794ms] [ERROR] Failed to load resource: net::ERR_INTERNET_DISCONNECTED @ https://bingosystem-staging.onrender.com/socket.io/?EIO=4&transport=polling&t=qffpvkby:0
[12321798ms] [ERROR] Failed to load resource: net::ERR_INTERNET_DISCONNECTED @ https://bingosystem-staging.onrender.com/socket.io/?EIO=4&transport=polling&t=qfjkv8km:0
[12326802ms] [ERROR] Failed to load resource: net::ERR_INTERNET_DISCONNECTED @ https://bingosystem-staging.onrender.com/socket.io/?EIO=4&transport=polling&t=qfnfv4ox:0
[12331807ms] [ERROR] Failed to load resource: net::ERR_INTERNET_DISCONNECTED @ https://bingosystem-staging.onrender.com/socket.io/?EIO=4&transport=polling&t=qfrav1r0:0
[12336812ms] [ERROR] Failed to load resource: net::ERR_INTERNET_DISCONNECTED @ https://bingosystem-staging.onrender.com/socket.io/?EIO=4&transport=polling&t=qfv5xhqz:0
[12341818ms] [ERROR] Failed to load resource: net::ERR_INTERNET_DISCONNECTED @ https://bingosystem-staging.onrender.com/socket.io/?EIO=4&transport=polling&t=qfz0xy28:0
[12346829ms] [ERROR] Failed to load resource: net::ERR_INTERNET_DISCONNECTED @ https://bingosystem-staging.onrender.com/socket.io/?EIO=4&transport=polling&t=qg2vy8re:0
[12351835ms] [ERROR] Failed to load resource: net::ERR_INTERNET_DISCONNECTED @ https://bingosystem-staging.onrender.com/socket.io/?EIO=4&transport=polling&t=qg6r7xbg:0
[12356838ms] [ERROR] Failed to load resource: net::ERR_INTERNET_DISCONNECTED @ https://bingosystem-staging.onrender.com/socket.io/?EIO=4&transport=polling&t=qgam77wm:0
[12361843ms] [ERROR] Failed to load resource: net::ERR_INTERNET_DISCONNECTED @ https://bingosystem-staging.onrender.com/socket.io/?EIO=4&transport=polling&t=qgeh62ks:0
[12366849ms] [ERROR] Failed to load resource: net::ERR_INTERNET_DISCONNECTED @ https://bingosystem-staging.onrender.com/socket.io/?EIO=4&transport=polling&t=qgic8g6h:0
[12371853ms] [ERROR] Failed to load resource: net::ERR_INTERNET_DISCONNECTED @ https://bingosystem-staging.onrender.com/socket.io/?EIO=4&transport=polling&t=qgm79vnm:0
[12376857ms] [ERROR] Failed to load resource: net::ERR_INTERNET_DISCONNECTED @ https://bingosystem-staging.onrender.com/socket.io/?EIO=4&transport=polling&t=qgq291ld:0
[12381862ms] [ERROR] Failed to load resource: net::ERR_INTERNET_DISCONNECTED @ https://bingosystem-staging.onrender.com/socket.io/?EIO=4&transport=polling&t=qgtxaram:0
[12386866ms] [ERROR] Failed to load resource: net::ERR_INTERNET_DISCONNECTED @ https://bingosystem-staging.onrender.com/socket.io/?EIO=4&transport=polling&t=qgxsbta5:0
[12391869ms] [ERROR] Failed to load resource: net::ERR_INTERNET_DISCONNECTED @ https://bingosystem-staging.onrender.com/socket.io/?EIO=4&transport=polling&t=qh1naenk:0
[12396874ms] [ERROR] Failed to load resource: net::ERR_INTERNET_DISCONNECTED @ https://bingosystem-staging.onrender.com/socket.io/?EIO=4&transport=polling&t=qh5ia7w6:0
[12401878ms] [ERROR] Failed to load resource: net::ERR_INTERNET_DISCONNECTED @ https://bingosystem-staging.onrender.com/socket.io/?EIO=4&transport=polling&t=qh9dbyrx:0
[12406883ms] [ERROR] Failed to load resource: net::ERR_INTERNET_DISCONNECTED @ https://bingosystem-staging.onrender.com/socket.io/?EIO=4&transport=polling&t=qhd8bth0:0
[12411886ms] [ERROR] Failed to load resource: net::ERR_INTERNET_DISCONNECTED @ https://bingosystem-staging.onrender.com/socket.io/?EIO=4&transport=polling&t=qhh3btuq:0
[12416891ms] [ERROR] Failed to load resource: net::ERR_INTERNET_DISCONNECTED @ https://bingosystem-staging.onrender.com/socket.io/?EIO=4&transport=polling&t=qhkyclzj:0
[12421900ms] [ERROR] Failed to load resource: net::ERR_INTERNET_DISCONNECTED @ https://bingosystem-staging.onrender.com/socket.io/?EIO=4&transport=polling&t=qhotdfv1:0
[12426904ms] [ERROR] Failed to load resource: net::ERR_INTERNET_DISCONNECTED @ https://bingosystem-staging.onrender.com/socket.io/?EIO=4&transport=polling&t=qhsohl9p:0
[12431908ms] [ERROR] Failed to load resource: net::ERR_INTERNET_DISCONNECTED @ https://bingosystem-staging.onrender.com/socket.io/?EIO=4&transport=polling&t=qhwjhb7f:0
[12436914ms] [ERROR] Failed to load resource: net::ERR_INTERNET_DISCONNECTED @ https://bingosystem-staging.onrender.com/socket.io/?EIO=4&transport=polling&t=qi0eil0g:0
[12441918ms] [ERROR] Failed to load resource: net::ERR_INTERNET_DISCONNECTED @ https://bingosystem-staging.onrender.com/socket.io/?EIO=4&transport=polling&t=qi49j2k7:0
[12446922ms] [ERROR] Failed to load resource: net::ERR_INTERNET_DISCONNECTED @ https://bingosystem-staging.onrender.com/socket.io/?EIO=4&transport=polling&t=qi84jn4h:0
[12451928ms] [ERROR] Failed to load resource: net::ERR_INTERNET_DISCONNECTED @ https://bingosystem-staging.onrender.com/socket.io/?EIO=4&transport=polling&t=qibzl5ez:0
[12456931ms] [ERROR] Failed to load resource: net::ERR_INTERNET_DISCONNECTED @ https://bingosystem-staging.onrender.com/socket.io/?EIO=4&transport=polling&t=qifuk763:0
[12461942ms] [ERROR] Failed to load resource: net::ERR_INTERNET_DISCONNECTED @ https://bingosystem-staging.onrender.com/socket.io/?EIO=4&transport=polling&t=qijplypf:0
[12466947ms] [ERROR] Failed to load resource: net::ERR_INTERNET_DISCONNECTED @ https://bingosystem-staging.onrender.com/socket.io/?EIO=4&transport=polling&t=qinkr3fw:0
[12471951ms] [ERROR] Failed to load resource: net::ERR_INTERNET_DISCONNECTED @ https://bingosystem-staging.onrender.com/socket.io/?EIO=4&transport=polling&t=qirfrn7q:0
[12476958ms] [ERROR] Failed to load resource: net::ERR_INTERNET_DISCONNECTED @ https://bingosystem-staging.onrender.com/socket.io/?EIO=4&transport=polling&t=qivasvpi:0
[12481961ms] [ERROR] Failed to load resource: net::ERR_INTERNET_DISCONNECTED @ https://bingosystem-staging.onrender.com/socket.io/?EIO=4&transport=polling&t=qiz5uvhg:0
[12486965ms] [ERROR] Failed to load resource: net::ERR_INTERNET_DISCONNECTED @ https://bingosystem-staging.onrender.com/socket.io/?EIO=4&transport=polling&t=qj30tbj8:0
[12491969ms] [ERROR] Failed to load resource: net::ERR_INTERNET_DISCONNECTED @ https://bingosystem-staging.onrender.com/socket.io/?EIO=4&transport=polling&t=qj6vur8y:0
[12496973ms] [ERROR] Failed to load resource: net::ERR_INTERNET_DISCONNECTED @ https://bingosystem-staging.onrender.com/socket.io/?EIO=4&transport=polling&t=qjaqtaoy:0
[12501976ms] [ERROR] Failed to load resource: net::ERR_INTERNET_DISCONNECTED @ https://bingosystem-staging.onrender.com/socket.io/?EIO=4&transport=polling&t=qjeluni1:0
[12506981ms] [ERROR] Failed to load resource: net::ERR_INTERNET_DISCONNECTED @ https://bingosystem-staging.onrender.com/socket.io/?EIO=4&transport=polling&t=qjigu7l9:0
[12511991ms] [ERROR] Failed to load resource: net::ERR_INTERNET_DISCONNECTED @ https://bingosystem-staging.onrender.com/socket.io/?EIO=4&transport=polling&t=qjmbulsi:0
[12516995ms] [ERROR] Failed to load resource: net::ERR_INTERNET_DISCONNECTED @ https://bingosystem-staging.onrender.com/socket.io/?EIO=4&transport=polling&t=qjq70uec:0
[12521999ms] [ERROR] Failed to load resource: net::ERR_INTERNET_DISCONNECTED @ https://bingosystem-staging.onrender.com/socket.io/?EIO=4&transport=polling&t=qju20wof:0
[12527005ms] [ERROR] Failed to load resource: net::ERR_INTERNET_DISCONNECTED @ https://bingosystem-staging.onrender.com/socket.io/?EIO=4&transport=polling&t=qjxx2z42:0
[12532012ms] [ERROR] Failed to load resource: net::ERR_INTERNET_DISCONNECTED @ https://bingosystem-staging.onrender.com/socket.io/?EIO=4&transport=polling&t=qk1s2lzh:0
[12537017ms] [ERROR] Failed to load resource: net::ERR_INTERNET_DISCONNECTED @ https://bingosystem-staging.onrender.com/socket.io/?EIO=4&transport=polling&t=qk5n6lc6:0
[12542021ms] [ERROR] Failed to load resource: net::ERR_INTERNET_DISCONNECTED @ https://bingosystem-staging.onrender.com/socket.io/?EIO=4&transport=polling&t=qk9i648k:0
[12547024ms] [ERROR] Failed to load resource: net::ERR_INTERNET_DISCONNECTED @ https://bingosystem-staging.onrender.com/socket.io/?EIO=4&transport=polling&t=qkdd5onr:0
[12552028ms] [ERROR] Failed to load resource: net::ERR_INTERNET_DISCONNECTED @ https://bingosystem-staging.onrender.com/socket.io/?EIO=4&transport=polling&t=qkh854n1:0
[12557032ms] [ERROR] Failed to load resource: net::ERR_INTERNET_DISCONNECTED @ https://bingosystem-staging.onrender.com/socket.io/?EIO=4&transport=polling&t=qkl35dcp:0
[12562036ms] [ERROR] Failed to load resource: net::ERR_INTERNET_DISCONNECTED @ https://bingosystem-staging.onrender.com/socket.io/?EIO=4&transport=polling&t=qkoy5mi7:0
[12567041ms] [ERROR] Failed to load resource: net::ERR_INTERNET_DISCONNECTED @ https://bingosystem-staging.onrender.com/socket.io/?EIO=4&transport=polling&t=qkst62ii:0
[12572045ms] [ERROR] Failed to load resource: net::ERR_INTERNET_DISCONNECTED @ https://bingosystem-staging.onrender.com/socket.io/?EIO=4&transport=polling&t=qkwo6og9:0
[12577049ms] [ERROR] Failed to load resource: net::ERR_INTERNET_DISCONNECTED @ https://bingosystem-staging.onrender.com/socket.io/?EIO=4&transport=polling&t=ql0j6ltn:0
[12582053ms] [ERROR] Failed to load resource: net::ERR_INTERNET_DISCONNECTED @ https://bingosystem-staging.onrender.com/socket.io/?EIO=4&transport=polling&t=ql4e62g6:0
[12587059ms] [ERROR] Failed to load resource: net::ERR_INTERNET_DISCONNECTED @ https://bingosystem-staging.onrender.com/socket.io/?EIO=4&transport=polling&t=ql896iqu:0
[12592065ms] [ERROR] Failed to load resource: net::ERR_INTERNET_DISCONNECTED @ https://bingosystem-staging.onrender.com/socket.io/?EIO=4&transport=polling&t=qlc47nbx:0
[12597070ms] [ERROR] Failed to load resource: net::ERR_INTERNET_DISCONNECTED @ https://bingosystem-staging.onrender.com/socket.io/?EIO=4&transport=polling&t=qlfzamla:0
[12602077ms] [ERROR] Failed to load resource: net::ERR_INTERNET_DISCONNECTED @ https://bingosystem-staging.onrender.com/socket.io/?EIO=4&transport=polling&t=qljubpfc:0
[12607081ms] [ERROR] Failed to load resource: net::ERR_INTERNET_DISCONNECTED @ https://bingosystem-staging.onrender.com/socket.io/?EIO=4&transport=polling&t=qlnpdsa6:0
[12612086ms] [ERROR] Failed to load resource: net::ERR_INTERNET_DISCONNECTED @ https://bingosystem-staging.onrender.com/socket.io/?EIO=4&transport=polling&t=qlrkeru4:0
[12617090ms] [ERROR] Failed to load resource: net::ERR_INTERNET_DISCONNECTED @ https://bingosystem-staging.onrender.com/socket.io/?EIO=4&transport=polling&t=qlvffa4d:0
[12622096ms] [ERROR] Failed to load resource: net::ERR_INTERNET_DISCONNECTED @ https://bingosystem-staging.onrender.com/socket.io/?EIO=4&transport=polling&t=qlzagqie:0
[12627099ms] [ERROR] Failed to load resource: net::ERR_INTERNET_DISCONNECTED @ https://bingosystem-staging.onrender.com/socket.io/?EIO=4&transport=polling&t=qm35gtzd:0
[12632105ms] [ERROR] Failed to load resource: net::ERR_INTERNET_DISCONNECTED @ https://bingosystem-staging.onrender.com/socket.io/?EIO=4&transport=polling&t=qm70h8p6:0
[12637111ms] [ERROR] Failed to load resource: net::ERR_INTERNET_DISCONNECTED @ https://bingosystem-staging.onrender.com/socket.io/?EIO=4&transport=polling&t=qmavjte5:0
[12642117ms] [ERROR] Failed to load resource: net::ERR_INTERNET_DISCONNECTED @ https://bingosystem-staging.onrender.com/socket.io/?EIO=4&transport=polling&t=qmeqk6la:0
[12647122ms] [ERROR] Failed to load resource: net::ERR_INTERNET_DISCONNECTED @ https://bingosystem-staging.onrender.com/socket.io/?EIO=4&transport=polling&t=qmillfnz:0
[12652128ms] [ERROR] Failed to load resource: net::ERR_INTERNET_DISCONNECTED @ https://bingosystem-staging.onrender.com/socket.io/?EIO=4&transport=polling&t=qmmgn5xo:0
[12657131ms] [ERROR] Failed to load resource: net::ERR_INTERNET_DISCONNECTED @ https://bingosystem-staging.onrender.com/socket.io/?EIO=4&transport=polling&t=qmqbopou:0
[12662135ms] [ERROR] Failed to load resource: net::ERR_INTERNET_DISCONNECTED @ https://bingosystem-staging.onrender.com/socket.io/?EIO=4&transport=polling&t=qmu6o560:0
[12667138ms] [ERROR] Failed to load resource: net::ERR_INTERNET_DISCONNECTED @ https://bingosystem-staging.onrender.com/socket.io/?EIO=4&transport=polling&t=qmy1nbiz:0
[12672141ms] [ERROR] Failed to load resource: net::ERR_INTERNET_DISCONNECTED @ https://bingosystem-staging.onrender.com/socket.io/?EIO=4&transport=polling&t=qn1wmuib:0
[12677146ms] [ERROR] Failed to load resource: net::ERR_INTERNET_DISCONNECTED @ https://bingosystem-staging.onrender.com/socket.io/?EIO=4&transport=polling&t=qn5rnpq1:0
[12682151ms] [ERROR] Failed to load resource: net::ERR_INTERNET_DISCONNECTED @ https://bingosystem-staging.onrender.com/socket.io/?EIO=4&transport=polling&t=qn9mnbmc:0
[12687157ms] [ERROR] Failed to load resource: net::ERR_INTERNET_DISCONNECTED @ https://bingosystem-staging.onrender.com/socket.io/?EIO=4&transport=polling&t=qndhnvzo:0
[12692163ms] [ERROR] Failed to load resource: net::ERR_INTERNET_DISCONNECTED @ https://bingosystem-staging.onrender.com/socket.io/?EIO=4&transport=polling&t=qnhcqeou:0
[12697187ms] [ERROR] Failed to load resource: net::ERR_INTERNET_DISCONNECTED @ https://bingosystem-staging.onrender.com/socket.io/?EIO=4&transport=polling&t=qnl7r6eg:0
