[ 3152949ms] [ERROR] Failed to load resource: net::ERR_INTERNET_DISCONNECTED @ https://bingosystem-staging.onrender.com/socket.io/?EIO=4&transport=polling&t=8j3ye64r:0
[ 3765713ms] [ERROR] Failed to load resource: net::ERR_INTERNET_DISCONNECTED @ https://bingosystem-staging.onrender.com/socket.io/?EIO=4&transport=polling&t=8w8rvzn2:0
[ 3766823ms] [ERROR] Failed to load resource: net::ERR_INTERNET_DISCONNECTED @ https://bingosystem-staging.onrender.com/socket.io/?EIO=4&transport=polling&t=8w9mq6k1:0
[ 3771827ms] [ERROR] Failed to load resource: net::ERR_INTERNET_DISCONNECTED @ https://bingosystem-staging.onrender.com/socket.io/?EIO=4&transport=polling&t=8wdhtm8d:0
[ 3776831ms] [ERROR] Failed to load resource: net::ERR_INTERNET_DISCONNECTED @ https://bingosystem-staging.onrender.com/socket.io/?EIO=4&transport=polling&t=8whct6sa:0
[ 3781836ms] [ERROR] Failed to load resource: net::ERR_INTERNET_DISCONNECTED @ https://bingosystem-staging.onrender.com/socket.io/?EIO=4&transport=polling&t=8wl7txh5:0
[ 3786840ms] [ERROR] Failed to load resource: net::ERR_INTERNET_DISCONNECTED @ https://bingosystem-staging.onrender.com/socket.io/?EIO=4&transport=polling&t=8wp2trtc:0
[ 3791843ms] [ERROR] Failed to load resource: net::ERR_INTERNET_DISCONNECTED @ https://bingosystem-staging.onrender.com/socket.io/?EIO=4&transport=polling&t=8wsxt2un:0
[ 3796847ms] [ERROR] Failed to load resource: net::ERR_INTERNET_DISCONNECTED @ https://bingosystem-staging.onrender.com/socket.io/?EIO=4&transport=polling&t=8wwstgyx:0
[ 3801852ms] [ERROR] Failed to load resource: net::ERR_INTERNET_DISCONNECTED @ https://bingosystem-staging.onrender.com/socket.io/?EIO=4&transport=polling&t=8x0ntyxm:0
[ 3806856ms] [ERROR] Failed to load resource: net::ERR_INTERNET_DISCONNECTED @ https://bingosystem-staging.onrender.com/socket.io/?EIO=4&transport=polling&t=8x4iuo5l:0
[ 3811860ms] [ERROR] Failed to load resource: net::ERR_INTERNET_DISCONNECTED @ https://bingosystem-staging.onrender.com/socket.io/?EIO=4&transport=polling&t=8x8du5zo:0
[ 3816865ms] [ERROR] Failed to load resource: net::ERR_INTERNET_DISCONNECTED @ https://bingosystem-staging.onrender.com/socket.io/?EIO=4&transport=polling&t=8xc8vsz7:0
[ 3821870ms] [ERROR] Failed to load resource: net::ERR_INTERNET_DISCONNECTED @ https://bingosystem-staging.onrender.com/socket.io/?EIO=4&transport=polling&t=8xg3wy76:0
[ 3826873ms] [ERROR] Failed to load resource: net::ERR_INTERNET_DISCONNECTED @ https://bingosystem-staging.onrender.com/socket.io/?EIO=4&transport=polling&t=8xjyvkna:0
[ 3831878ms] [ERROR] Failed to load resource: net::ERR_INTERNET_DISCONNECTED @ https://bingosystem-staging.onrender.com/socket.io/?EIO=4&transport=polling&t=8xntvkbt:0
[ 3836883ms] [ERROR] Failed to load resource: net::ERR_INTERNET_DISCONNECTED @ https://bingosystem-staging.onrender.com/socket.io/?EIO=4&transport=polling&t=8xroxugl:0
[ 3841887ms] [ERROR] Failed to load resource: net::ERR_INTERNET_DISCONNECTED @ https://bingosystem-staging.onrender.com/socket.io/?EIO=4&transport=polling&t=8xvjxq4f:0
[ 3846890ms] [ERROR] Failed to load resource: net::ERR_INTERNET_DISCONNECTED @ https://bingosystem-staging.onrender.com/socket.io/?EIO=4&transport=polling&t=8xzewv3r:0
[ 3851894ms] [ERROR] Failed to load resource: net::ERR_INTERNET_DISCONNECTED @ https://bingosystem-staging.onrender.com/socket.io/?EIO=4&transport=polling&t=8y39wloe:0
[ 3856898ms] [ERROR] Failed to load resource: net::ERR_INTERNET_DISCONNECTED @ https://bingosystem-staging.onrender.com/socket.io/?EIO=4&transport=polling&t=8y74wpic:0
[ 3861901ms] [ERROR] Failed to load resource: net::ERR_INTERNET_DISCONNECTED @ https://bingosystem-staging.onrender.com/socket.io/?EIO=4&transport=polling&t=8yazvb7b:0
[ 3866906ms] [ERROR] Failed to load resource: net::ERR_INTERNET_DISCONNECTED @ https://bingosystem-staging.onrender.com/socket.io/?EIO=4&transport=polling&t=8yeuvhwk:0
[ 3871910ms] [ERROR] Failed to load resource: net::ERR_INTERNET_DISCONNECTED @ https://bingosystem-staging.onrender.com/socket.io/?EIO=4&transport=polling&t=8yipvfoo:0
[ 3876916ms] [ERROR] Failed to load resource: net::ERR_INTERNET_DISCONNECTED @ https://bingosystem-staging.onrender.com/socket.io/?EIO=4&transport=polling&t=8ymkwp25:0
[ 3881920ms] [ERROR] Failed to load resource: net::ERR_INTERNET_DISCONNECTED @ https://bingosystem-staging.onrender.com/socket.io/?EIO=4&transport=polling&t=8yqfytwx:0
[ 3886924ms] [ERROR] Failed to load resource: net::ERR_INTERNET_DISCONNECTED @ https://bingosystem-staging.onrender.com/socket.io/?EIO=4&transport=polling&t=8yuaynm5:0
[ 3891928ms] [ERROR] Failed to load resource: net::ERR_INTERNET_DISCONNECTED @ https://bingosystem-staging.onrender.com/socket.io/?EIO=4&transport=polling&t=8yy5y4jz:0
[ 3896933ms] [ERROR] Failed to load resource: net::ERR_INTERNET_DISCONNECTED @ https://bingosystem-staging.onrender.com/socket.io/?EIO=4&transport=polling&t=8z20zj32:0
[ 3901937ms] [ERROR] Failed to load resource: net::ERR_INTERNET_DISCONNECTED @ https://bingosystem-staging.onrender.com/socket.io/?EIO=4&transport=polling&t=8z5vyi7l:0
[ 3906943ms] [ERROR] Failed to load resource: net::ERR_INTERNET_DISCONNECTED @ https://bingosystem-staging.onrender.com/socket.io/?EIO=4&transport=polling&t=8z9r08wc:0
[ 3911947ms] [ERROR] Failed to load resource: net::ERR_INTERNET_DISCONNECTED @ https://bingosystem-staging.onrender.com/socket.io/?EIO=4&transport=polling&t=8zdm1gjw:0
[ 3916952ms] [ERROR] Failed to load resource: net::ERR_INTERNET_DISCONNECTED @ https://bingosystem-staging.onrender.com/socket.io/?EIO=4&transport=polling&t=8zhh2oiy:0
[ 3921958ms] [ERROR] Failed to load resource: net::ERR_INTERNET_DISCONNECTED @ https://bingosystem-staging.onrender.com/socket.io/?EIO=4&transport=polling&t=8zlc33yw:0
[ 3926962ms] [ERROR] Failed to load resource: net::ERR_INTERNET_DISCONNECTED @ https://bingosystem-staging.onrender.com/socket.io/?EIO=4&transport=polling&t=8zp74a2q:0
[ 3931969ms] [ERROR] Failed to load resource: net::ERR_INTERNET_DISCONNECTED @ https://bingosystem-staging.onrender.com/socket.io/?EIO=4&transport=polling&t=8zt26s51:0
[ 3936973ms] [ERROR] Failed to load resource: net::ERR_INTERNET_DISCONNECTED @ https://bingosystem-staging.onrender.com/socket.io/?EIO=4&transport=polling&t=8zwx79dk:0
[ 3941977ms] [ERROR] Failed to load resource: net::ERR_INTERNET_DISCONNECTED @ https://bingosystem-staging.onrender.com/socket.io/?EIO=4&transport=polling&t=900s7jnj:0
[ 3946985ms] [ERROR] Failed to load resource: net::ERR_INTERNET_DISCONNECTED @ https://bingosystem-staging.onrender.com/socket.io/?EIO=4&transport=polling&t=904nay3o:0
[ 3951989ms] [ERROR] Failed to load resource: net::ERR_INTERNET_DISCONNECTED @ https://bingosystem-staging.onrender.com/socket.io/?EIO=4&transport=polling&t=908ibmia:0
[ 3956995ms] [ERROR] Failed to load resource: net::ERR_INTERNET_DISCONNECTED @ https://bingosystem-staging.onrender.com/socket.io/?EIO=4&transport=polling&t=90cddbwx:0
[ 3962001ms] [ERROR] Failed to load resource: net::ERR_INTERNET_DISCONNECTED @ https://bingosystem-staging.onrender.com/socket.io/?EIO=4&transport=polling&t=90g8dm0t:0
[ 3967006ms] [ERROR] Failed to load resource: net::ERR_INTERNET_DISCONNECTED @ https://bingosystem-staging.onrender.com/socket.io/?EIO=4&transport=polling&t=90k3fzkw:0
[ 3972012ms] [ERROR] Failed to load resource: net::ERR_INTERNET_DISCONNECTED @ https://bingosystem-staging.onrender.com/socket.io/?EIO=4&transport=polling&t=90nyhg2d:0
[ 3977017ms] [ERROR] Failed to load resource: net::ERR_INTERNET_DISCONNECTED @ https://bingosystem-staging.onrender.com/socket.io/?EIO=4&transport=polling&t=90rti2rs:0
[ 3982021ms] [ERROR] Failed to load resource: net::ERR_INTERNET_DISCONNECTED @ https://bingosystem-staging.onrender.com/socket.io/?EIO=4&transport=polling&t=90vojv8i:0
[ 3987027ms] [ERROR] Failed to load resource: net::ERR_INTERNET_DISCONNECTED @ https://bingosystem-staging.onrender.com/socket.io/?EIO=4&transport=polling&t=90zjkkve:0
[ 3992031ms] [ERROR] Failed to load resource: net::ERR_INTERNET_DISCONNECTED @ https://bingosystem-staging.onrender.com/socket.io/?EIO=4&transport=polling&t=913eltsp:0
[ 3997036ms] [ERROR] Failed to load resource: net::ERR_INTERNET_DISCONNECTED @ https://bingosystem-staging.onrender.com/socket.io/?EIO=4&transport=polling&t=9179mlr3:0
[ 4002040ms] [ERROR] Failed to load resource: net::ERR_INTERNET_DISCONNECTED @ https://bingosystem-staging.onrender.com/socket.io/?EIO=4&transport=polling&t=91b4nk10:0
[ 4007045ms] [ERROR] Failed to load resource: net::ERR_INTERNET_DISCONNECTED @ https://bingosystem-staging.onrender.com/socket.io/?EIO=4&transport=polling&t=91ezmekd:0
[ 4012053ms] [ERROR] Failed to load resource: net::ERR_INTERNET_DISCONNECTED @ https://bingosystem-staging.onrender.com/socket.io/?EIO=4&transport=polling&t=91iun4zb:0
[ 4017057ms] [ERROR] Failed to load resource: net::ERR_INTERNET_DISCONNECTED @ https://bingosystem-staging.onrender.com/socket.io/?EIO=4&transport=polling&t=91mprfkw:0
[ 4022061ms] [ERROR] Failed to load resource: net::ERR_INTERNET_DISCONNECTED @ https://bingosystem-staging.onrender.com/socket.io/?EIO=4&transport=polling&t=91qkrdi6:0
[ 4027066ms] [ERROR] Failed to load resource: net::ERR_INTERNET_DISCONNECTED @ https://bingosystem-staging.onrender.com/socket.io/?EIO=4&transport=polling&t=91ufs2dt:0
[ 4032071ms] [ERROR] Failed to load resource: net::ERR_INTERNET_DISCONNECTED @ https://bingosystem-staging.onrender.com/socket.io/?EIO=4&transport=polling&t=91yasfhk:0
[ 4037074ms] [ERROR] Failed to load resource: net::ERR_INTERNET_DISCONNECTED @ https://bingosystem-staging.onrender.com/socket.io/?EIO=4&transport=polling&t=9225szh3:0
[ 4042078ms] [ERROR] Failed to load resource: net::ERR_INTERNET_DISCONNECTED @ https://bingosystem-staging.onrender.com/socket.io/?EIO=4&transport=polling&t=9260sh2u:0
[ 4047084ms] [ERROR] Failed to load resource: net::ERR_INTERNET_DISCONNECTED @ https://bingosystem-staging.onrender.com/socket.io/?EIO=4&transport=polling&t=929vtal0:0
[ 4052088ms] [ERROR] Failed to load resource: net::ERR_INTERNET_DISCONNECTED @ https://bingosystem-staging.onrender.com/socket.io/?EIO=4&transport=polling&t=92dqt3e7:0
[ 4057092ms] [ERROR] Failed to load resource: net::ERR_INTERNET_DISCONNECTED @ https://bingosystem-staging.onrender.com/socket.io/?EIO=4&transport=polling&t=92hlu8dk:0
[ 4062097ms] [ERROR] Failed to load resource: net::ERR_INTERNET_DISCONNECTED @ https://bingosystem-staging.onrender.com/socket.io/?EIO=4&transport=polling&t=92lgugwx:0
[ 4067102ms] [ERROR] Failed to load resource: net::ERR_INTERNET_DISCONNECTED @ https://bingosystem-staging.onrender.com/socket.io/?EIO=4&transport=polling&t=92pbv1kc:0
[ 4072106ms] [ERROR] Failed to load resource: net::ERR_INTERNET_DISCONNECTED @ https://bingosystem-staging.onrender.com/socket.io/?EIO=4&transport=polling&t=92t6w3md:0
[ 4077111ms] [ERROR] Failed to load resource: net::ERR_INTERNET_DISCONNECTED @ https://bingosystem-staging.onrender.com/socket.io/?EIO=4&transport=polling&t=92x1xszg:0
[ 4082115ms] [ERROR] Failed to load resource: net::ERR_INTERNET_DISCONNECTED @ https://bingosystem-staging.onrender.com/socket.io/?EIO=4&transport=polling&t=930ww12s:0
[ 4087119ms] [ERROR] Failed to load resource: net::ERR_INTERNET_DISCONNECTED @ https://bingosystem-staging.onrender.com/socket.io/?EIO=4&transport=polling&t=934rwv2y:0
[ 4092123ms] [ERROR] Failed to load resource: net::ERR_INTERNET_DISCONNECTED @ https://bingosystem-staging.onrender.com/socket.io/?EIO=4&transport=polling&t=938mxhwb:0
[ 4097132ms] [ERROR] Failed to load resource: net::ERR_INTERNET_DISCONNECTED @ https://bingosystem-staging.onrender.com/socket.io/?EIO=4&transport=polling&t=93chx7ua:0
[ 4102137ms] [ERROR] Failed to load resource: net::ERR_INTERNET_DISCONNECTED @ https://bingosystem-staging.onrender.com/socket.io/?EIO=4&transport=polling&t=93gd3mcf:0
[ 4107143ms] [ERROR] Failed to load resource: net::ERR_INTERNET_DISCONNECTED @ https://bingosystem-staging.onrender.com/socket.io/?EIO=4&transport=polling&t=93k84ims:0
[ 4112146ms] [ERROR] Failed to load resource: net::ERR_INTERNET_DISCONNECTED @ https://bingosystem-staging.onrender.com/socket.io/?EIO=4&transport=polling&t=93o34q23:0
[ 4117152ms] [ERROR] Failed to load resource: net::ERR_INTERNET_DISCONNECTED @ https://bingosystem-staging.onrender.com/socket.io/?EIO=4&transport=polling&t=93ry66px:0
[ 4122156ms] [ERROR] Failed to load resource: net::ERR_INTERNET_DISCONNECTED @ https://bingosystem-staging.onrender.com/socket.io/?EIO=4&transport=polling&t=93vt6xv9:0
[ 4127162ms] [ERROR] Failed to load resource: net::ERR_INTERNET_DISCONNECTED @ https://bingosystem-staging.onrender.com/socket.io/?EIO=4&transport=polling&t=93zo8lyg:0
[ 4132167ms] [ERROR] Failed to load resource: net::ERR_INTERNET_DISCONNECTED @ https://bingosystem-staging.onrender.com/socket.io/?EIO=4&transport=polling&t=943j9pek:0
[ 4137173ms] [ERROR] Failed to load resource: net::ERR_INTERNET_DISCONNECTED @ https://bingosystem-staging.onrender.com/socket.io/?EIO=4&transport=polling&t=947e9frq:0
[ 4142178ms] [ERROR] Failed to load resource: net::ERR_INTERNET_DISCONNECTED @ https://bingosystem-staging.onrender.com/socket.io/?EIO=4&transport=polling&t=94b9b8ki:0
[ 4147182ms] [ERROR] Failed to load resource: net::ERR_INTERNET_DISCONNECTED @ https://bingosystem-staging.onrender.com/socket.io/?EIO=4&transport=polling&t=94f4cd7o:0
[ 4152187ms] [ERROR] Failed to load resource: net::ERR_INTERNET_DISCONNECTED @ https://bingosystem-staging.onrender.com/socket.io/?EIO=4&transport=polling&t=94izdqd8:0
[ 4157191ms] [ERROR] Failed to load resource: net::ERR_INTERNET_DISCONNECTED @ https://bingosystem-staging.onrender.com/socket.io/?EIO=4&transport=polling&t=94mue40a:0
[ 4162194ms] [ERROR] Failed to load resource: net::ERR_INTERNET_DISCONNECTED @ https://bingosystem-staging.onrender.com/socket.io/?EIO=4&transport=polling&t=94qpc56k:0
[ 4167199ms] [ERROR] Failed to load resource: net::ERR_INTERNET_DISCONNECTED @ https://bingosystem-staging.onrender.com/socket.io/?EIO=4&transport=polling&t=94ukcdqe:0
[ 4172203ms] [ERROR] Failed to load resource: net::ERR_INTERNET_DISCONNECTED @ https://bingosystem-staging.onrender.com/socket.io/?EIO=4&transport=polling&t=94yfdupr:0
